<?xml version="1.0" encoding="UTF-8"?>
<!-- Generated by org.testng.reporters.JUnitReportReporter -->
<testsuite hostname="INLTWS000025" failures="0" tests="2" name="com.ApertaWebApp_Automate.TestCases.TC_DCBTest_002" time="3.618" errors="1" timestamp="2022-01-20T17:07:48 IST" skipped="1">
  <testcase classname="com.ApertaWebApp_Automate.TestCases.TC_DCBTest_002" name="DCB" time="0.000">
    <skipped/>
  </testcase> <!-- DCB -->
  <system-out/>
  <testcase classname="com.ApertaWebApp_Automate.TestCases.TC_DCBTest_002" name="setup" time="3.618">
    <error message="session not created: This version of ChromeDriver only supports Chrome version 95
Current browser version is 97.0.4692.71 with binary path C:\Program Files (x86)\Google\Chrome\Application\chrome.exe
Build info: version: &#039;3.141.59&#039;, revision: &#039;e82be7d358&#039;, time: &#039;2018-11-14T08:17:03&#039;
System info: host: &#039;INLTWS000025&#039;, ip: &#039;192.168.1.100&#039;, os.name: &#039;Windows 10&#039;, os.arch: &#039;amd64&#039;, os.version: &#039;10.0&#039;, java.version: &#039;11.0.13&#039;
Driver info: driver.version: ChromeDriver
remote stacktrace: Backtrace:
	Ordinal0 [0x01253AB3+2505395]
	Ordinal0 [0x011EAE41+2076225]
	Ordinal0 [0x010F2498+1057944]
	Ordinal0 [0x01110841+1181761]
	Ordinal0 [0x0110C64B+1164875]
	Ordinal0 [0x01109EBF+1154751]
	Ordinal0 [0x0113A02F+1351727]
	Ordinal0 [0x01139C9A+1350810]
	Ordinal0 [0x011358BB+1333435]
	Ordinal0 [0x011123E4+1188836]
	Ordinal0 [0x0111323F+1192511]
	GetHandleVerifier [0x013DCB36+1554566]
	GetHandleVerifier [0x01484A0C+2242396]
	GetHandleVerifier [0x012E0E0B+523099]
	GetHandleVerifier [0x012DFEB0+519168]
	Ordinal0 [0x011F02FD+2097917]
	Ordinal0 [0x011F4388+2114440]
	Ordinal0 [0x011F44C2+2114754]
	Ordinal0 [0x011FE041+2154561]
	BaseThreadInitThunk [0x760D0419+25]
	RtlGetAppContainerNamedObjectPath [0x77CF662D+237]
	RtlGetAppContainerNamedObjectPath [0x77CF65FD+189]
" type="org.openqa.selenium.SessionNotCreatedException">
      <![CDATA[org.openqa.selenium.SessionNotCreatedException: session not created: This version of ChromeDriver only supports Chrome version 95
Current browser version is 97.0.4692.71 with binary path C:\Program Files (x86)\Google\Chrome\Application\chrome.exe
Build info: version: '3.141.59', revision: 'e82be7d358', time: '2018-11-14T08:17:03'
System info: host: 'INLTWS000025', ip: '192.168.1.100', os.name: 'Windows 10', os.arch: 'amd64', os.version: '10.0', java.version: '11.0.13'
Driver info: driver.version: ChromeDriver
remote stacktrace: Backtrace:
Ordinal0 [0x01253AB3+2505395]
Ordinal0 [0x011EAE41+2076225]
Ordinal0 [0x010F2498+1057944]
Ordinal0 [0x01110841+1181761]
Ordinal0 [0x0110C64B+1164875]
Ordinal0 [0x01109EBF+1154751]
Ordinal0 [0x0113A02F+1351727]
Ordinal0 [0x01139C9A+1350810]
Ordinal0 [0x011358BB+1333435]
Ordinal0 [0x011123E4+1188836]
Ordinal0 [0x0111323F+1192511]
GetHandleVerifier [0x013DCB36+1554566]
GetHandleVerifier [0x01484A0C+2242396]
GetHandleVerifier [0x012E0E0B+523099]
GetHandleVerifier [0x012DFEB0+519168]
Ordinal0 [0x011F02FD+2097917]
Ordinal0 [0x011F4388+2114440]
Ordinal0 [0x011F44C2+2114754]
Ordinal0 [0x011FE041+2154561]
BaseThreadInitThunk [0x760D0419+25]
RtlGetAppContainerNamedObjectPath [0x77CF662D+237]
RtlGetAppContainerNamedObjectPath [0x77CF65FD+189]

at java.base/jdk.internal.reflect.NativeConstructorAccessorImpl.newInstance0(Native Method)
at java.base/jdk.internal.reflect.NativeConstructorAccessorImpl.newInstance(NativeConstructorAccessorImpl.java:62)
at java.base/jdk.internal.reflect.DelegatingConstructorAccessorImpl.newInstance(DelegatingConstructorAccessorImpl.java:45)
at java.base/java.lang.reflect.Constructor.newInstance(Constructor.java:490)
at org.openqa.selenium.remote.W3CHandshakeResponse.lambda$errorHandler$0(W3CHandshakeResponse.java:62)
at org.openqa.selenium.remote.HandshakeResponse.lambda$getResponseFunction$0(HandshakeResponse.java:30)
at org.openqa.selenium.remote.ProtocolHandshake.lambda$createSession$0(ProtocolHandshake.java:126)
at java.base/java.util.stream.ReferencePipeline$3$1.accept(ReferencePipeline.java:195)
at java.base/java.util.Spliterators$ArraySpliterator.tryAdvance(Spliterators.java:958)
at java.base/java.util.stream.ReferencePipeline.forEachWithCancel(ReferencePipeline.java:127)
at java.base/java.util.stream.AbstractPipeline.copyIntoWithCancel(AbstractPipeline.java:502)
at java.base/java.util.stream.AbstractPipeline.copyInto(AbstractPipeline.java:488)
at java.base/java.util.stream.AbstractPipeline.wrapAndCopyInto(AbstractPipeline.java:474)
at java.base/java.util.stream.FindOps$FindOp.evaluateSequential(FindOps.java:150)
at java.base/java.util.stream.AbstractPipeline.evaluate(AbstractPipeline.java:234)
at java.base/java.util.stream.ReferencePipeline.findFirst(ReferencePipeline.java:543)
at org.openqa.selenium.remote.ProtocolHandshake.createSession(ProtocolHandshake.java:128)
at org.openqa.selenium.remote.ProtocolHandshake.createSession(ProtocolHandshake.java:74)
at org.openqa.selenium.remote.HttpCommandExecutor.execute(HttpCommandExecutor.java:136)
at org.openqa.selenium.remote.service.DriverCommandExecutor.execute(DriverCommandExecutor.java:83)
at org.openqa.selenium.remote.RemoteWebDriver.execute(RemoteWebDriver.java:552)
at org.openqa.selenium.remote.RemoteWebDriver.startSession(RemoteWebDriver.java:213)
at org.openqa.selenium.remote.RemoteWebDriver.<init>(RemoteWebDriver.java:131)
at org.openqa.selenium.chrome.ChromeDriver.<init>(ChromeDriver.java:181)
at org.openqa.selenium.chrome.ChromeDriver.<init>(ChromeDriver.java:168)
at org.openqa.selenium.chrome.ChromeDriver.<init>(ChromeDriver.java:157)
at com.ApertaWebApp_Automate.TestCases.BaseClass.setup(BaseClass.java:54)
at java.base/jdk.internal.reflect.NativeMethodAccessorImpl.invoke0(Native Method)
at java.base/jdk.internal.reflect.NativeMethodAccessorImpl.invoke(NativeMethodAccessorImpl.java:62)
at java.base/jdk.internal.reflect.DelegatingMethodAccessorImpl.invoke(DelegatingMethodAccessorImpl.java:43)
at java.base/java.lang.reflect.Method.invoke(Method.java:566)
at org.testng.internal.MethodInvocationHelper.invokeMethod(MethodInvocationHelper.java:133)
at org.testng.internal.MethodInvocationHelper.invokeMethodConsideringTimeout(MethodInvocationHelper.java:62)
at org.testng.internal.ConfigInvoker.invokeConfigurationMethod(ConfigInvoker.java:385)
at org.testng.internal.ConfigInvoker.invokeConfigurations(ConfigInvoker.java:321)
at org.testng.SuiteRunner.privateRun(SuiteRunner.java:317)
at org.testng.SuiteRunner.run(SuiteRunner.java:276)
at org.testng.SuiteRunnerWorker.runSuite(SuiteRunnerWorker.java:53)
at org.testng.SuiteRunnerWorker.run(SuiteRunnerWorker.java:96)
at org.testng.TestNG.runSuitesSequentially(TestNG.java:1212)
at org.testng.TestNG.runSuitesLocally(TestNG.java:1134)
at org.testng.TestNG.runSuites(TestNG.java:1063)
at org.testng.TestNG.run(TestNG.java:1031)
at org.testng.remote.AbstractRemoteTestNG.run(AbstractRemoteTestNG.java:115)
at org.testng.remote.RemoteTestNG.initAndRun(RemoteTestNG.java:251)
at org.testng.remote.RemoteTestNG.main(RemoteTestNG.java:77)
]]>
    </error>
  </testcase> <!-- setup -->
  <system-out/>
</testsuite> <!-- com.ApertaWebApp_Automate.TestCases.TC_DCBTest_002 -->
